[2016-03-14 10:17:25] lb build noauto
P: live-build 5.0~a11
P: Building config tree for a debian/stable/amd64 system
[2016-03-14 10:17:25] lb bootstrap 
P: Setting up cleanup function
[2016-03-14 10:17:25] lb bootstrap_cache restore
P: Restoring bootstrap stage from cache...
[2016-03-14 10:17:25] lb bootstrap_debootstrap 
P: Begin bootstrapping system...
P: If the following stage fails, the most likely cause of the problem is with your mirror configuration or a caching proxy.
P: Running debootstrap (download-only)... 
I: Retrieving Release 
I: Retrieving Release.gpg 
I: Checking Release signature
I: Valid Release signature (key id 75DDC3C4A499F1A18CB5F3C8CBF8D6FD518E17E1)
I: Retrieving Packages 
I: Validating Packages 
I: Retrieving Packages 
I: Validating Packages 
I: Retrieving Packages 
I: Validating Packages 
I: Resolving dependencies of required packages...
